12:14:36.227 [main] DEBUG com.intuit.karate.Suite - [config] classpath:karate-config.js
12:14:37.465 [pool-2-thread-1] INFO  com.intuit.karate - karate.env system property was: null 
12:14:37.859 [pool-2-thread-1] DEBUG com.intuit.karate - request:
1 > GET https://jsonplaceholder.typicode.com/users
1 > Host: jsonplaceholder.typicode.com
1 > Connection: Keep-Alive
1 > User-Agent: Apache-HttpClient/4.5.13 (Java/11.0.14)
1 > Accept-Encoding: gzip,deflate


12:14:38.187 [pool-2-thread-1] DEBUG com.intuit.karate - response time in milliseconds: 323
1 < 200
1 < Date: Tue, 21 Mar 2023 12:14:38 GMT
1 < Content-Type: application/json; charset=utf-8
1 < Transfer-Encoding: chunked
1 < Connection: keep-alive
1 < X-Powered-By: Express
1 < X-Ratelimit-Limit: 1000
1 < X-Ratelimit-Remaining: 999
1 < X-Ratelimit-Reset: 1677697368
1 < Vary: Origin, Accept-Encoding
1 < Access-Control-Allow-Credentials: true
1 < Cache-Control: max-age=43200
1 < Pragma: no-cache
1 < Expires: -1
1 < X-Content-Type-Options: nosniff
1 < Etag: W/"160d-1eMSsxeJRfnVLRBmYJSbCiJZ1qQ"
1 < Via: 1.1 vegur
1 < CF-Cache-Status: HIT
1 < Age: 16418
1 < Server-Timing: cf-q-config;dur=7.9999999798019e-06
1 < Report-To: {"endpoints":[{"url":"https:\/\/a.nel.cloudflare.com\/report\/v3?s=kXNoFyfxuO%2FO0VOEWeef%2FlrUNwlhEYj3Xnt84dHvzPZXdQHKF5KCejX6sHs8NAo9ECwTiz9QAvqq8MRPk%2F9FKyQHWdSAEbhzJB1bdFcmkkNHfv9e9HYCcaqP9DgBD%2FtwqClKQ90Z%2FHnnZBVJHr8N"}],"group":"cf-nel","max_age":604800}
1 < NEL: {"success_fraction":0,"report_to":"cf-nel","max_age":604800}
1 < Server: cloudflare
1 < CF-RAY: 7ab61da0bee41b8b-DUB
1 < alt-svc: h3=":443"; ma=86400, h3-29=":443"; ma=86400
[
  {
    "id": 1,
    "name": "Leanne Graham",
    "username": "Bret",
    "email": "Sincere@april.biz",
    "address": {
      "street": "Kulas Light",
      "suite": "Apt. 556",
      "city": "Gwenborough",
      "zipcode": "92998-3874",
      "geo": {
        "lat": "-37.3159",
        "lng": "81.1496"
      }
    },
    "phone": "1-770-736-8031 x56442",
    "website": "hildegard.org",
    "company": {
      "name": "Romaguera-Crona",
      "catchPhrase": "Multi-layered client-server neural-net",
      "bs": "harness real-time e-markets"
    }
  },
  {
    "id": 2,
    "name": "Ervin Howell",
    "username": "Antonette",
    "email": "Shanna@melissa.tv",
    "address": {
      "street": "Victor Plains",
      "suite": "Suite 879",
      "city": "Wisokyburgh",
      "zipcode": "90566-7771",
      "geo": {
        "lat": "-43.9509",
        "lng": "-34.4618"
      }
    },
    "phone": "010-692-6593 x09125",
    "website": "anastasia.net",
    "company": {
      "name": "Deckow-Crist",
      "catchPhrase": "Proactive didactic contingency",
      "bs": "synergize scalable supply-chains"
    }
  },
  {
    "id": 3,
    "name": "Clementine Bauch",
    "username": "Samantha",
    "email": "Nathan@yesenia.net",
    "address": {
      "street": "Douglas Extension",
      "suite": "Suite 847",
      "city": "McKenziehaven",
      "zipcode": "59590-4157",
      "geo": {
        "lat": "-68.6102",
        "lng": "-47.0653"
      }
    },
    "phone": "1-463-123-4447",
    "website": "ramiro.info",
    "company": {
      "name": "Romaguera-Jacobson",
      "catchPhrase": "Face to face bifurcated interface",
      "bs": "e-enable strategic applications"
    }
  },
  {
    "id": 4,
    "name": "Patricia Lebsack",
    "username": "Karianne",
    "email": "Julianne.OConner@kory.org",
    "address": {
      "street": "Hoeger Mall",
      "suite": "Apt. 692",
      "city": "South Elvis",
      "zipcode": "53919-4257",
      "geo": {
        "lat": "29.4572",
        "lng": "-164.2990"
      }
    },
    "phone": "493-170-9623 x156",
    "website": "kale.biz",
    "company": {
      "name": "Robel-Corkery",
      "catchPhrase": "Multi-tiered zero tolerance productivity",
      "bs": "transition cutting-edge web services"
    }
  },
  {
    "id": 5,
    "name": "Chelsey Dietrich",
    "username": "Kamren",
    "email": "Lucio_Hettinger@annie.ca",
    "address": {
      "street": "Skiles Walks",
      "suite": "Suite 351",
      "city": "Roscoeview",
      "zipcode": "33263",
      "geo": {
        "lat": "-31.8129",
        "lng": "62.5342"
      }
    },
    "phone": "(254)954-1289",
    "website": "demarco.info",
    "company": {
      "name": "Keebler LLC",
      "catchPhrase": "User-centric fault-tolerant solution",
      "bs": "revolutionize end-to-end systems"
    }
  },
  {
    "id": 6,
    "name": "Mrs. Dennis Schulist",
    "username": "Leopoldo_Corkery",
    "email": "Karley_Dach@jasper.info",
    "address": {
      "street": "Norberto Crossing",
      "suite": "Apt. 950",
      "city": "South Christy",
      "zipcode": "23505-1337",
      "geo": {
        "lat": "-71.4197",
        "lng": "71.7478"
      }
    },
    "phone": "1-477-935-8478 x6430",
    "website": "ola.org",
    "company": {
      "name": "Considine-Lockman",
      "catchPhrase": "Synchronised bottom-line interface",
      "bs": "e-enable innovative applications"
    }
  },
  {
    "id": 7,
    "name": "Kurtis Weissnat",
    "username": "Elwyn.Skiles",
    "email": "Telly.Hoeger@billy.biz",
    "address": {
      "street": "Rex Trail",
      "suite": "Suite 280",
      "city": "Howemouth",
      "zipcode": "58804-1099",
      "geo": {
        "lat": "24.8918",
        "lng": "21.8984"
      }
    },
    "phone": "210.067.6132",
    "website": "elvis.io",
    "company": {
      "name": "Johns Group",
      "catchPhrase": "Configurable multimedia task-force",
      "bs": "generate enterprise e-tailers"
    }
  },
  {
    "id": 8,
    "name": "Nicholas Runolfsdottir V",
    "username": "Maxime_Nienow",
    "email": "Sherwood@rosamond.me",
    "address": {
      "street": "Ellsworth Summit",
      "suite": "Suite 729",
      "city": "Aliyaview",
      "zipcode": "45169",
      "geo": {
        "lat": "-14.3990",
        "lng": "-120.7677"
      }
    },
    "phone": "586.493.6943 x140",
    "website": "jacynthe.com",
    "company": {
      "name": "Abernathy Group",
      "catchPhrase": "Implemented secondary concept",
      "bs": "e-enable extensible e-tailers"
    }
  },
  {
    "id": 9,
    "name": "Glenna Reichert",
    "username": "Delphine",
    "email": "Chaim_McDermott@dana.io",
    "address": {
      "street": "Dayna Park",
      "suite": "Suite 449",
      "city": "Bartholomebury",
      "zipcode": "76495-3109",
      "geo": {
        "lat": "24.6463",
        "lng": "-168.8889"
      }
    },
    "phone": "(775)976-6794 x41206",
    "website": "conrad.com",
    "company": {
      "name": "Yost and Sons",
      "catchPhrase": "Switchable contextually-based project",
      "bs": "aggregate real-time technologies"
    }
  },
  {
    "id": 10,
    "name": "Clementina DuBuque",
    "username": "Moriah.Stanton",
    "email": "Rey.Padberg@karina.biz",
    "address": {
      "street": "Kattie Turnpike",
      "suite": "Suite 198",
      "city": "Lebsackbury",
      "zipcode": "31428-2261",
      "geo": {
        "lat": "-38.2386",
        "lng": "57.2232"
      }
    },
    "phone": "024-648-3804",
    "website": "ambrose.net",
    "company": {
      "name": "Hoeger LLC",
      "catchPhrase": "Centralized empowering task-force",
      "bs": "target end-to-end models"
    }
  }
]

12:14:38.251 [pool-2-thread-1] DEBUG com.intuit.karate - request:
2 > GET https://jsonplaceholder.typicode.com/users/1
2 > Host: jsonplaceholder.typicode.com
2 > Connection: Keep-Alive
2 > User-Agent: Apache-HttpClient/4.5.13 (Java/11.0.14)
2 > Accept-Encoding: gzip,deflate


12:14:38.352 [pool-2-thread-1] DEBUG com.intuit.karate - response time in milliseconds: 99
2 < 200
2 < Date: Tue, 21 Mar 2023 12:14:38 GMT
2 < Content-Type: application/json; charset=utf-8
2 < Transfer-Encoding: chunked
2 < Connection: keep-alive
2 < X-Powered-By: Express
2 < X-Ratelimit-Limit: 1000
2 < X-Ratelimit-Remaining: 999
2 < X-Ratelimit-Reset: 1672427541
2 < Vary: Origin, Accept-Encoding
2 < Access-Control-Allow-Credentials: true
2 < Cache-Control: max-age=43200
2 < Pragma: no-cache
2 < Expires: -1
2 < X-Content-Type-Options: nosniff
2 < Etag: W/"1fd-+2Y3G3w049iSZtw5t1mzSnunngE"
2 < Via: 1.1 vegur
2 < CF-Cache-Status: HIT
2 < Age: 962
2 < Server-Timing: cf-q-config;dur=6.9999987317715e-06
2 < Report-To: {"endpoints":[{"url":"https:\/\/a.nel.cloudflare.com\/report\/v3?s=irUy78Uely6v7WFdDEmJaE9iH1%2BtNhaPNA%2FhwblQWnIOo6hCqvtncGuwx5P0v3gT8A2qmrnCF3L2FhSCM5maMRlNSyJWUFswKdQ2jZiswkHGjjVw2sHTVYx2MC%2F8mgQb1iQHBKa1V5rnbfB8SGKx"}],"group":"cf-nel","max_age":604800}
2 < NEL: {"success_fraction":0,"report_to":"cf-nel","max_age":604800}
2 < Server: cloudflare
2 < CF-RAY: 7ab61da1b99a9591-DUB
2 < alt-svc: h3=":443"; ma=86400, h3-29=":443"; ma=86400
{
  "id": 1,
  "name": "Leanne Graham",
  "username": "Bret",
  "email": "Sincere@april.biz",
  "address": {
    "street": "Kulas Light",
    "suite": "Apt. 556",
    "city": "Gwenborough",
    "zipcode": "92998-3874",
    "geo": {
      "lat": "-37.3159",
      "lng": "81.1496"
    }
  },
  "phone": "1-770-736-8031 x56442",
  "website": "hildegard.org",
  "company": {
    "name": "Romaguera-Crona",
    "catchPhrase": "Multi-layered client-server neural-net",
    "bs": "harness real-time e-markets"
  }
}

12:14:41.097 [pool-3-thread-1] INFO  com.intuit.karate.Suite - <<pass>> feature 1 of 1 (0 remaining) classpath:examples/users/users.feature
